#
# There is insufficient memory for the Java Runtime Environment to continue.
# Native memory allocation (mmap) failed to map 47185920 bytes for Failed to commit area from 0x000000008f800000 to 0x0000000092500000 of length 47185920.
# Possible reasons:
#   The system is out of physical RAM or swap space
#   The process is running with CompressedOops enabled, and the Java Heap may be blocking the growth of the native heap
# Possible solutions:
#   Reduce memory load on the system
#   Increase physical memory or swap space
#   Check if swap backing store is full
#   Decrease Java heap size (-Xmx/-Xms)
#   Decrease number of Java threads
#   Decrease Java thread stack sizes (-Xss)
#   Set larger code cache with -XX:ReservedCodeCacheSize=
#   JVM is running with Unscaled Compressed Oops mode in which the Java heap is
#     placed in the first 4GB address space. The Java Heap base address is the
#     maximum limit for the native heap growth. Please use -XX:HeapBaseMinAddress
#     to set the Java Heap base and to place the Java Heap above 4GB virtual address.
# This output file may be truncated or incomplete.
#
#  Out of Memory Error (t:/workspace/hotspot/src/os/windows/vm/os_windows.cpp:3357), pid=8020, tid=2252
#
# JRE version: Java(TM) SE Runtime Environment (9.0+11) (build 9.0.4+11)
# Java VM: Java HotSpot(TM) 64-Bit Server VM (9.0.4+11, mixed mode, tiered, compressed oops, g1 gc, windows-amd64)
# No core dump will be written. Minidumps are not enabled by default on client versions of Windows
#

---------------  S U M M A R Y ------------

Command Line: -Dmaven.multiModuleProjectDirectory=D:\company_project\bjt\bjt-carpark -Dmaven.home=D:\develop_tool\apache-maven-3.5.3 -Dclassworlds.conf=D:\develop_tool\apache-maven-3.5.3\bin\m2.conf -javaagent:D:\develop_install\idea\IntelliJ IDEA 2017.2.5\lib\idea_rt.jar=49570:D:\develop_install\idea\IntelliJ IDEA 2017.2.5\bin -Dfile.encoding=UTF-8 org.codehaus.classworlds.Launcher -Didea.version=2017.2.6 -s D:\develop_tool\apache-maven-3.5.3\conf\settings.xml -Dmaven.repo.local=D:\develop_tool\apache-maven-3.5.3\repo package

Host: Intel(R) Core(TM) i7-7700 CPU @ 3.60GHz, 8 cores, 7G,  Windows 7 , 64 bit Build 7601 (6.1.7601.24094)
Time: Mon Jun 11 18:18:58 2018 ?D1¨²¡À¨º¡Á?¨º¡À?? elapsed time: 13 seconds (0d 0h 0m 13s)

---------------  T H R E A D  ---------------

Current thread (0x0000000066206000):  VMThread "VM Thread" [stack: 0x00000000662c0000,0x00000000663c0000] [id=2252]

Stack: [0x00000000662c0000,0x00000000663c0000]
[error occurred during error reporting (printing stack bounds), id 0xe0000002]

Native frames: (J=compiled Java code, j=interpreted, Vv=VM code, C=native code)
V  [jvm.dll+0x587068]
V  [jvm.dll+0x69c25e]
V  [jvm.dll+0x69d17a]
V  [jvm.dll+0x69cd05]
V  [jvm.dll+0x69d71b]
V  [jvm.dll+0x5868c6]
V  [jvm.dll+0x586c98]
C  [ntdll.dll+0x6bf9d]
C  [ntdll.dll+0x404ca]
C  [ntdll.dll+0x6b63e]
C  0x000000000cb70e14

VM_Operation (0x000000000251d690): G1IncCollectionPause, mode: safepoint, requested by thread 0x000000000032d800


---------------  P R O C E S S  ---------------

Java Threads: ( => current thread )
  0x0000000067393800 JavaThread "Service Thread" daemon [_thread_blocked, id=11852, stack(0x0000000067a40000,0x0000000067b40000)]
  0x000000006738a800 JavaThread "Monitor Ctrl-Break" daemon [_thread_in_native, id=9644, stack(0x00000000678b0000,0x00000000679b0000)]
  0x000000006628f000 JavaThread "Common-Cleaner" daemon [_thread_blocked, id=8804, stack(0x0000000067610000,0x0000000067710000)]
  0x000000006625f000 JavaThread "Sweeper thread" daemon [_thread_blocked, id=15132, stack(0x00000000670f0000,0x00000000671f0000)]
  0x0000000066240000 JavaThread "C1 CompilerThread3" daemon [_thread_blocked, id=13904, stack(0x0000000066f20000,0x0000000067020000)]
  0x000000006623f000 JavaThread "C2 CompilerThread2" daemon [_thread_blocked, id=6296, stack(0x0000000066d40000,0x0000000066e40000)]
  0x000000006622d800 JavaThread "C2 CompilerThread1" daemon [_thread_blocked, id=7920, stack(0x0000000066b70000,0x0000000066c70000)]
  0x0000000066228000 JavaThread "C2 CompilerThread0" daemon [_thread_blocked, id=1468, stack(0x00000000668f0000,0x00000000669f0000)]
  0x0000000066227000 JavaThread "Attach Listener" daemon [_thread_blocked, id=8244, stack(0x00000000663f0000,0x00000000664f0000)]
  0x0000000066225800 JavaThread "Signal Dispatcher" daemon [_thread_blocked, id=16316, stack(0x00000000667d0000,0x00000000668d0000)]
  0x0000000066211800 JavaThread "Finalizer" daemon [_thread_blocked, id=15244, stack(0x0000000066680000,0x0000000066780000)]
  0x0000000066208000 JavaThread "Reference Handler" daemon [_thread_blocked, id=4220, stack(0x0000000066510000,0x0000000066610000)]
  0x000000000032d800 JavaThread "main" [_thread_blocked, id=12616, stack(0x0000000002420000,0x0000000002520000)]

Other Threads:
=>0x0000000066206000 VMThread "VM Thread" [stack: 0x00000000662c0000,0x00000000663c0000] [id=2252]
  0x00000000673d7000 WatcherThread [stack: 0x0000000067740000,0x0000000067840000] [id=16220]
  0x0000000000344000 GCTaskThread "GC Thread#0" [stack: 0x000000001bcb0000,0x000000001bdb0000] [id=15264]
  0x0000000000345800 GCTaskThread "GC Thread#1" [stack: 0x000000001bec0000,0x000000001bfc0000] [id=10560]
  0x0000000000347000 GCTaskThread "GC Thread#2" [stack: 0x000000001c150000,0x000000001c250000] [id=12244]
  0x000000000034c800 GCTaskThread "GC Thread#3" [stack: 0x000000001c050000,0x000000001c150000] [id=7640]
  0x000000000035e000 GCTaskThread "GC Thread#4" [stack: 0x000000001c400000,0x000000001c500000] [id=16344]
  0x000000000035e800 GCTaskThread "GC Thread#5" [stack: 0x000000001c570000,0x000000001c670000] [id=15496]
  0x000000000035f000 GCTaskThread "GC Thread#6" [stack: 0x000000001c780000,0x000000001c880000] [id=4164]
  0x0000000000360000 GCTaskThread "GC Thread#7" [stack: 0x000000001c970000,0x000000001ca70000] [id=4864]
  0x000000001d026000 ConcurrentGCThread "G1 Main Marker" [stack: 0x0000000022dd0000,0x0000000022ed0000] [id=13108]
  0x0000000000360800 ConcurrentGCThread "G1 Marker#0" [stack: 0x0000000022ca0000,0x0000000022da0000] [id=4832]
  0x0000000000361000 ConcurrentGCThread "G1 Marker#1" [stack: 0x0000000022f10000,0x0000000023010000] [id=13724]
  0x000000000038b000 ConcurrentGCThread "G1 Refine#0" [stack: 0x000000001d300000,0x000000001d400000] [id=13132]
  0x000000000038a000 ConcurrentGCThread "G1 Refine#1" [stack: 0x000000001dad0000,0x000000001dbd0000] [id=15924]
  0x0000000000387000 ConcurrentGCThread "G1 Refine#2" [stack: 0x000000001d8e0000,0x000000001d9e0000] [id=6476]
  0x0000000000385000 ConcurrentGCThread "G1 Refine#3" [stack: 0x000000001d7b0000,0x000000001d8b0000] [id=5488]
  0x0000000000384800 ConcurrentGCThread "G1 Refine#4" [stack: 0x000000001d640000,0x000000001d740000] [id=5620]
  0x000000000037d800 ConcurrentGCThread "G1 Refine#5" [stack: 0x000000001d4b0000,0x000000001d5b0000] [id=9560]
  0x0000000000374800 ConcurrentGCThread "G1 Refine#6" [stack: 0x000000001d1e0000,0x000000001d2e0000] [id=6608]
  0x0000000000371800 ConcurrentGCThread "G1 Refine#7" [stack: 0x000000001d0d0000,0x000000001d1d0000] [id=2232]
  0x000000000038c000 ConcurrentGCThread "G1 Young RemSet Sampling" [stack: 0x000000001dbe0000,0x000000001dce0000] [id=10384]

Threads with active compile tasks:
C1 CompilerThread38548       3       org.apache.commons.compress.archivers.zip.ZipArchiveEntry::setMethod (37 bytes)
C2 CompilerThread18275   !   4       org.apache.maven.model.PluginConfiguration::clone (69 bytes)

VM state:at safepoint (normal execution)

VM Mutex/Monitor currently owned by a thread:  ([mutex/lock_event])
[0x000000000032a530] Threads_lock - owner thread: 0x0000000066206000
[0x000000000032aad0] Heap_lock - owner thread: 0x000000000032d800

Heap address: 0x0000000081a00000, size: 2022 MB, Compressed Oops mode: 32-bit
Narrow klass base: 0x0000000000000000, Narrow klass shift: 0
Compressed class space size: 1073741824 Address: 0x0000000025890000

Heap:
 garbage-first heap   total 273408K, used 93567K [0x0000000081a00000, 0x0000000081b00858, 0x0000000100000000)
  region size 1024K, 6 young (6144K), 6 survivors (6144K)
 Metaspace       used 36805K, capacity 38220K, committed 38400K, reserved 1083392K
  class space    used 3894K, capacity 4225K, committed 4352K, reserved 1048576K
Heap Regions: E=young(eden), S=young(survivor), O=old, HS=humongous(starts), HC=humongous(continues), CS=collection set, F=free, A=archive, TS=gc time stamp, AC=allocation context, TAMS=top-at-mark-start (previous, next)
|   0|0x0000000081a00000, 0x0000000081b00000, 0x0000000081b00000|100%| O|  |TS  0|AC  0|TAMS 0x0000000081b00000, 0x0000000081b00000|
|   1|0x0000000081b00000, 0x0000000081c00000, 0x0000000081c00000|100%| O|  |TS  0|AC  0|TAMS 0x0000000081c00000, 0x0000000081c00000|
|   2|0x0000000081c00000, 0x0000000081d00000, 0x0000000081d00000|100%| O|  |TS  0|AC  0|TAMS 0x0000000081d00000, 0x0000000081d00000|
|   3|0x0000000081d00000, 0x0000000081e00000, 0x0000000081e00000|100%| O|  |TS  0|AC  0|TAMS 0x0000000081e00000, 0x0000000081e00000|
|   4|0x0000000081e00000, 0x0000000081f00000, 0x0000000081f00000|100%| O|  |TS  0|AC  0|TAMS 0x0000000081f00000, 0x0000000081f00000|
|   5|0x0000000081f00000, 0x0000000082000000, 0x0000000082000000|100%| O|  |TS  0|AC  0|TAMS 0x0000000082000000, 0x0000000082000000|
|   6|0x0000000082000000, 0x0000000082100000, 0x0000000082100000|100%| O|  |TS  0|AC  0|TAMS 0x0000000082100000, 0x0000000082100000|
|   7|0x0000000082100000, 0x0000000082200000, 0x0000000082200000|100%| O|  |TS  0|AC  0|TAMS 0x0000000082200000, 0x0000000082200000|
|   8|0x0000000082200000, 0x0000000082300000, 0x0000000082300000|100%| O|  |TS  0|AC  0|TAMS 0x0000000082300000, 0x0000000082300000|
|   9|0x0000000082300000, 0x0000000082400000, 0x0000000082400000|100%| O|  |TS  0|AC  0|TAMS 0x0000000082400000, 0x0000000082400000|
|  10|0x0000000082400000, 0x0000000082500000, 0x0000000082500000|100%| O|  |TS  0|AC  0|TAMS 0x0000000082500000, 0x0000000082500000|
|  11|0x0000000082500000, 0x0000000082600000, 0x0000000082600000|100%| O|  |TS  0|AC  0|TAMS 0x0000000082600000, 0x0000000082600000|
|  12|0x0000000082600000, 0x0000000082700000, 0x0000000082700000|100%| O|  |TS  0|AC  0|TAMS 0x0000000082700000, 0x0000000082700000|
|  13|0x0000000082700000, 0x0000000082800000, 0x0000000082800000|100%| O|  |TS  0|AC  0|TAMS 0x0000000082800000, 0x0000000082800000|
|  14|0x0000000082800000, 0x0000000082900000, 0x0000000082900000|100%| O|  |TS  0|AC  0|TAMS 0x0000000082900000, 0x0000000082900000|
|  15|0x0000000082900000, 0x0000000082a00000, 0x0000000082a00000|100%| O|  |TS  0|AC  0|TAMS 0x0000000082a00000, 0x0000000082a00000|
|  16|0x0000000082a00000, 0x0000000082b00000, 0x0000000082b00000|100%| O|  |TS  0|AC  0|TAMS 0x0000000082b00000, 0x0000000082b00000|
|  17|0x0000000082b00000, 0x0000000082c00000, 0x0000000082c00000|100%| O|  |TS  0|AC  0|TAMS 0x0000000082c00000, 0x0000000082c00000|
|  18|0x0000000082c00000, 0x0000000082d00000, 0x0000000082d00000|100%| O|  |TS  0|AC  0|TAMS 0x0000000082d00000, 0x0000000082d00000|
|  19|0x0000000082d00000, 0x0000000082e00000, 0x0000000082e00000|100%| O|  |TS  0|AC  0|TAMS 0x0000000082e00000, 0x0000000082e00000|
|  20|0x0000000082e00000, 0x0000000082f00000, 0x0000000082f00000|100%| O|  |TS  0|AC  0|TAMS 0x0000000082f00000, 0x0000000082f00000|
|  21|0x0000000082f00000, 0x0000000083000000, 0x0000000083000000|100%| O|  |TS  0|AC  0|TAMS 0x0000000083000000, 0x0000000083000000|
|  22|0x0000000083000000, 0x0000000083100000, 0x0000000083100000|100%| O|  |TS  0|AC  0|TAMS 0x0000000083100000, 0x0000000083100000|
|  23|0x0000000083100000, 0x0000000083200000, 0x0000000083200000|100%| O|  |TS  0|AC  0|TAMS 0x0000000083200000, 0x0000000083200000|
|  24|0x0000000083200000, 0x0000000083300000, 0x0000000083300000|100%| O|  |TS  0|AC  0|TAMS 0x0000000083300000, 0x0000000083300000|
|  25|0x0000000083300000, 0x0000000083400000, 0x0000000083400000|100%| O|  |TS  0|AC  0|TAMS 0x0000000083400000, 0x0000000083400000|
|  26|0x0000000083400000, 0x0000000083500000, 0x0000000083500000|100%| O|  |TS  0|AC  0|TAMS 0x0000000083500000, 0x0000000083500000|
|  27|0x0000000083500000, 0x0000000083600000, 0x0000000083600000|100%| O|  |TS  0|AC  0|TAMS 0x0000000083600000, 0x0000000083600000|
|  28|0x0000000083600000, 0x0000000083700000, 0x0000000083700000|100%| O|  |TS  0|AC  0|TAMS 0x0000000083700000, 0x0000000083700000|
|  29|0x0000000083700000, 0x0000000083800000, 0x0000000083800000|100%| O|  |TS  0|AC  0|TAMS 0x0000000083800000, 0x0000000083800000|
|  30|0x0000000083800000, 0x0000000083900000, 0x0000000083900000|100%| O|  |TS  0|AC  0|TAMS 0x0000000083900000, 0x0000000083900000|
|  31|0x0000000083900000, 0x0000000083a00000, 0x0000000083a00000|100%| O|  |TS  0|AC  0|TAMS 0x0000000083a00000, 0x0000000083a00000|
|  32|0x0000000083a00000, 0x0000000083b00000, 0x0000000083b00000|100%| O|  |TS  0|AC  0|TAMS 0x0000000083b00000, 0x0000000083b00000|
|  33|0x0000000083b00000, 0x0000000083c00000, 0x0000000083c00000|100%| O|  |TS  0|AC  0|TAMS 0x0000000083c00000, 0x0000000083c00000|
|  34|0x0000000083c00000, 0x0000000083d00000, 0x0000000083d00000|100%| O|  |TS  0|AC  0|TAMS 0x0000000083d00000, 0x0000000083d00000|
|  35|0x0000000083d00000, 0x0000000083e00000, 0x0000000083e00000|100%| O|  |TS  1|AC  0|TAMS 0x0000000083d00000, 0x0000000083d00000|
|  36|0x0000000083e00000, 0x0000000083f00000, 0x0000000083f00000|100%| O|  |TS  1|AC  0|TAMS 0x0000000083e00000, 0x0000000083e00000|
|  37|0x0000000083f00000, 0x0000000084000000, 0x0000000084000000|100%| O|  |TS  1|AC  0|TAMS 0x0000000083f00000, 0x0000000083f00000|
|  38|0x0000000084000000, 0x0000000084100000, 0x0000000084100000|100%| O|  |TS  1|AC  0|TAMS 0x0000000084000000, 0x0000000084000000|
|  39|0x0000000084100000, 0x0000000084200000, 0x0000000084200000|100%| O|  |TS  1|AC  0|TAMS 0x0000000084100000, 0x0000000084100000|
|  40|0x0000000084200000, 0x0000000084300000, 0x0000000084300000|100%| O|  |TS  1|AC  0|TAMS 0x0000000084200000, 0x0000000084200000|
|  41|0x0000000084300000, 0x0000000084400000, 0x0000000084400000|100%| O|  |TS  3|AC  0|TAMS 0x0000000084300000, 0x0000000084300000|
|  42|0x0000000084400000, 0x0000000084500000, 0x0000000084500000|100%| O|  |TS  3|AC  0|TAMS 0x0000000084400000, 0x0000000084400000|
|  43|0x0000000084500000, 0x0000000084600000, 0x0000000084600000|100%| O|  |TS  3|AC  0|TAMS 0x0000000084500000, 0x0000000084500000|
|  44|0x0000000084600000, 0x0000000084700000, 0x0000000084700000|100%| O|  |TS  0|AC  0|TAMS 0x0000000084700000, 0x0000000084700000|
|  45|0x0000000084700000, 0x0000000084800000, 0x0000000084800000|100%| O|  |TS  0|AC  0|TAMS 0x0000000084800000, 0x0000000084800000|
|  46|0x0000000084800000, 0x0000000084900000, 0x0000000084900000|100%| O|  |TS  0|AC  0|TAMS 0x0000000084900000, 0x0000000084900000|
|  47|0x0000000084900000, 0x0000000084900000, 0x0000000084a00000|  0%| F|  |TS  3|AC  0|TAMS 0x0000000084900000, 0x0000000084900000|
|  48|0x0000000084a00000, 0x0000000084a00000, 0x0000000084b00000|  0%| F|  |TS  3|AC  0|TAMS 0x0000000084a00000, 0x0000000084a00000|
|  49|0x0000000084b00000, 0x0000000084b00000, 0x0000000084c00000|  0%| F|  |TS  3|AC  0|TAMS 0x0000000084b00000, 0x0000000084b00000|
|  50|0x0000000084c00000, 0x0000000084c00000, 0x0000000084d00000|  0%| F|  |TS  3|AC  0|TAMS 0x0000000084c00000, 0x0000000084c00000|
|  51|0x0000000084d00000, 0x0000000084d00000, 0x0000000084e00000|  0%| F|  |TS  3|AC  0|TAMS 0x0000000084d00000, 0x0000000084d00000|
|  52|0x0000000084e00000, 0x0000000084e00000, 0x0000000084f00000|  0%| F|  |TS  3|AC  0|TAMS 0x0000000084e00000, 0x0000000084e00000|
|  53|0x0000000084f00000, 0x0000000084f00000, 0x0000000085000000|  0%| F|  |TS  3|AC  0|TAMS 0x0000000084f00000, 0x0000000084f00000|
|  54|0x0000000085000000, 0x0000000085100000, 0x0000000085100000|100%| O|  |TS  0|AC  0|TAMS 0x0000000085100000, 0x0000000085100000|
|  55|0x0000000085100000, 0x0000000085200000, 0x0000000085200000|100%| O|  |TS  0|AC  0|TAMS 0x0000000085200000, 0x0000000085200000|
|  56|0x0000000085200000, 0x0000000085300000, 0x0000000085300000|100%| O|  |TS  0|AC  0|TAMS 0x0000000085300000, 0x0000000085300000|
|  57|0x0000000085300000, 0x0000000085300000, 0x0000000085400000|  0%| F|  |TS  3|AC  0|TAMS 0x0000000085300000, 0x0000000085300000|
|  58|0x0000000085400000, 0x0000000085400000, 0x0000000085500000|  0%| F|  |TS  3|AC  0|TAMS 0x0000000085400000, 0x0000000085400000|
|  59|0x0000000085500000, 0x0000000085500000, 0x0000000085600000|  0%| F|  |TS  3|AC  0|TAMS 0x0000000085500000, 0x0000000085500000|
|  60|0x0000000085600000, 0x0000000085700000, 0x0000000085700000|100%| O|  |TS  3|AC  0|TAMS 0x0000000085600000, 0x0000000085600000|
|  61|0x0000000085700000, 0x0000000085700000, 0x0000000085800000|  0%| F|  |TS  3|AC  0|TAMS 0x0000000085700000, 0x0000000085700000|
|  62|0x0000000085800000, 0x0000000085900000, 0x0000000085900000|100%| O|  |TS  3|AC  0|TAMS 0x0000000085800000, 0x0000000085800000|
|  63|0x0000000085900000, 0x0000000085a00000, 0x0000000085a00000|100%| O|  |TS  3|AC  0|TAMS 0x0000000085900000, 0x0000000085900000|
|  64|0x0000000085a00000, 0x0000000085b00000, 0x0000000085b00000|100%| O|  |TS  0|AC  0|TAMS 0x0000000085b00000, 0x0000000085b00000|
|  65|0x0000000085b00000, 0x0000000085c00000, 0x0000000085c00000|100%| O|  |TS  0|AC  0|TAMS 0x0000000085c00000, 0x0000000085c00000|
|  66|0x0000000085c00000, 0x0000000085d00000, 0x0000000085d00000|100%| O|  |TS  0|AC  0|TAMS 0x0000000085d00000, 0x0000000085d00000|
|  67|0x0000000085d00000, 0x0000000085e00000, 0x0000000085e00000|100%| O|  |TS  0|AC  0|TAMS 0x0000000085e00000, 0x0000000085e00000|
|  68|0x0000000085e00000, 0x0000000085f00000, 0x0000000085f00000|100%| O|  |TS  1|AC  0|TAMS 0x0000000085e2b200, 0x0000000085e2b200|
|  69|0x0000000085f00000, 0x0000000085f00000, 0x0000000086000000|  0%| F|  |TS  3|AC  0|TAMS 0x0000000085f00000, 0x0000000085f00000|
|  70|0x0000000086000000, 0x0000000086000000, 0x0000000086100000|  0%| F|  |TS  3|AC  0|TAMS 0x0000000086000000, 0x0000000086000000|
|  71|0x0000000086100000, 0x0000000086200000, 0x0000000086200000|100%|HS|  |TS  0|AC  0|TAMS 0x0000000086100000, 0x0000000086100000|
|  72|0x0000000086200000, 0x0000000086300000, 0x0000000086300000|100%| O|  |TS  3|AC  0|TAMS 0x0000000086200000, 0x0000000086200000|
|  73|0x0000000086300000, 0x0000000086325400, 0x0000000086400000| 14%| O|  |TS  5|AC  0|TAMS 0x0000000086300000, 0x0000000086300000|
|  74|0x0000000086400000, 0x0000000086400000, 0x0000000086500000|  0%| F|  |TS  3|AC  0|TAMS 0x0000000086400000, 0x0000000086400000|
|  75|0x0000000086500000, 0x0000000086500000, 0x0000000086600000|  0%| F|  |TS  3|AC  0|TAMS 0x0000000086500000, 0x0000000086500000|
|  76|0x0000000086600000, 0x0000000086600000, 0x0000000086700000|  0%| F|  |TS  3|AC  0|TAMS 0x0000000086600000, 0x0000000086600000|
|  77|0x0000000086700000, 0x0000000086700000, 0x0000000086800000|  0%| F|  |TS  0|AC  0|TAMS 0x0000000086700000, 0x0000000086700000|
|  78|0x0000000086800000, 0x0000000086800000, 0x0000000086900000|  0%| F|  |TS  0|AC  0|TAMS 0x0000000086800000, 0x0000000086800000|
|  79|0x0000000086900000, 0x0000000086900000, 0x0000000086a00000|  0%| F|  |TS  3|AC  0|TAMS 0x0000000086900000, 0x0000000086900000|
|  80|0x0000000086a00000, 0x0000000086a00000, 0x0000000086b00000|  0%| F|  |TS  3|AC  0|TAMS 0x0000000086a00000, 0x0000000086a00000|
|  81|0x0000000086b00000, 0x0000000086c00000, 0x0000000086c00000|100%| O|  |TS  0|AC  0|TAMS 0x0000000086c00000, 0x0000000086c00000|
|  82|0x0000000086c00000, 0x0000000086d00000, 0x0000000086d00000|100%| O|  |TS  0|AC  0|TAMS 0x0000000086d00000, 0x0000000086d00000|
|  83|0x0000000086d00000, 0x0000000086e00000, 0x0000000086e00000|100%| O|  |TS  0|AC  0|TAMS 0x0000000086e00000, 0x0000000086e00000|
|  84|0x0000000086e00000, 0x0000000086f00000, 0x0000000086f00000|100%| O|  |TS  0|AC  0|TAMS 0x0000000086f00000, 0x0000000086f00000|
|  85|0x0000000086f00000, 0x0000000087000000, 0x0000000087000000|100%| O|  |TS  0|AC  0|TAMS 0x0000000087000000, 0x0000000087000000|
|  86|0x0000000087000000, 0x0000000087100000, 0x0000000087100000|100%| O|  |TS  0|AC  0|TAMS 0x0000000087100000, 0x0000000087100000|
|  87|0x0000000087100000, 0x0000000087200000, 0x0000000087200000|100%| O|  |TS  0|AC  0|TAMS 0x0000000087200000, 0x0000000087200000|
|  88|0x0000000087200000, 0x0000000087300000, 0x0000000087300000|100%| O|  |TS  0|AC  0|TAMS 0x0000000087300000, 0x0000000087300000|
|  89|0x0000000087300000, 0x0000000087400000, 0x0000000087400000|100%| O|  |TS  0|AC  0|TAMS 0x0000000087400000, 0x0000000087400000|
|  90|0x0000000087400000, 0x0000000087400000, 0x0000000087500000|  0%| F|  |TS  0|AC  0|TAMS 0x0000000087400000, 0x0000000087400000|
|  91|0x0000000087500000, 0x0000000087600000, 0x0000000087600000|100%| O|  |TS  0|AC  0|TAMS 0x0000000087600000, 0x0000000087600000|
|  92|0x0000000087600000, 0x0000000087700000, 0x0000000087700000|100%| O|  |TS  0|AC  0|TAMS 0x0000000087700000, 0x0000000087700000|
|  93|0x0000000087700000, 0x0000000087800000, 0x0000000087800000|100%| O|  |TS  0|AC  0|TAMS 0x0000000087800000, 0x0000000087800000|
|  94|0x0000000087800000, 0x0000000087800000, 0x0000000087900000|  0%| F|  |TS  3|AC  0|TAMS 0x0000000087800000, 0x0000000087800000|
|  95|0x0000000087900000, 0x0000000087a00000, 0x0000000087a00000|100%| O|  |TS  0|AC  0|TAMS 0x0000000087a00000, 0x0000000087a00000|
|  96|0x0000000087a00000, 0x0000000087b00000, 0x0000000087b00000|100%| O|  |TS  0|AC  0|TAMS 0x0000000087b00000, 0x0000000087b00000|
|  97|0x0000000087b00000, 0x0000000087c00000, 0x0000000087c00000|100%| O|  |TS  0|AC  0|TAMS 0x0000000087c00000, 0x0000000087c00000|
|  98|0x0000000087c00000, 0x0000000087d00000, 0x0000000087d00000|100%| O|  |TS  0|AC  0|TAMS 0x0000000087d00000, 0x0000000087d00000|
|  99|0x0000000087d00000, 0x0000000087e00000, 0x0000000087e00000|100%| O|  |TS  0|AC  0|TAMS 0x0000000087e00000, 0x0000000087e00000|
| 100|0x0000000087e00000, 0x0000000087f00000, 0x0000000087f00000|100%| O|  |TS  0|AC  0|TAMS 0x0000000087f00000, 0x0000000087f00000|
| 101|0x0000000087f00000, 0x0000000088000000, 0x0000000088000000|100%| O|  |TS  0|AC  0|TAMS 0x0000000088000000, 0x0000000088000000|
| 102|0x0000000088000000, 0x0000000088000000, 0x0000000088100000|  0%| F|  |TS  3|AC  0|TAMS 0x0000000088000000, 0x0000000088000000|
| 103|0x0000000088100000, 0x0000000088100000, 0x0000000088200000|  0%| F|  |TS  0|AC  0|TAMS 0x0000000088100000, 0x0000000088100000|
| 104|0x0000000088200000, 0x0000000088200000, 0x0000000088300000|  0%| F|  |TS  0|AC  0|TAMS 0x0000000088200000, 0x0000000088200000|
| 105|0x0000000088300000, 0x0000000088400000, 0x0000000088400000|100%| O|  |TS  0|AC  0|TAMS 0x0000000088400000, 0x0000000088400000|
| 106|0x0000000088400000, 0x0000000088500000, 0x0000000088500000|100%| O|  |TS  0|AC  0|TAMS 0x0000000088500000, 0x0000000088500000|
| 107|0x0000000088500000, 0x0000000088600000, 0x0000000088600000|100%| O|  |TS  0|AC  0|TAMS 0x0000000088600000, 0x0000000088600000|
| 108|0x0000000088600000, 0x0000000088700000, 0x0000000088700000|100%| O|  |TS  0|AC  0|TAMS 0x0000000088700000, 0x0000000088700000|
| 109|0x0000000088700000, 0x0000000088800000, 0x0000000088800000|100%| O|  |TS  0|AC  0|TAMS 0x0000000088800000, 0x0000000088800000|
| 110|0x0000000088800000, 0x0000000088900000, 0x0000000088900000|100%| O|  |TS  0|AC  0|TAMS 0x0000000088900000, 0x0000000088900000|
| 111|0x0000000088900000, 0x0000000088a00000, 0x0000000088a00000|100%| O|  |TS  0|AC  0|TAMS 0x0000000088a00000, 0x0000000088a00000|
| 112|0x0000000088a00000, 0x0000000088a00000, 0x0000000088b00000|  0%| F|  |TS  3|AC  0|TAMS 0x0000000088a00000, 0x0000000088a00000|
| 113|0x0000000088b00000, 0x0000000088b00000, 0x0000000088c00000|  0%| F|  |TS  0|AC  0|TAMS 0x0000000088b00000, 0x0000000088b00000|
| 114|0x0000000088c00000, 0x0000000088c00000, 0x0000000088d00000|  0%| F|  |TS  0|AC  0|TAMS 0x0000000088c00000, 0x0000000088c00000|
| 115|0x0000000088d00000, 0x0000000088d00000, 0x0000000088e00000|  0%| F|  |TS  0|AC  0|TAMS 0x0000000088d00000, 0x0000000088d00000|
| 116|0x0000000088e00000, 0x0000000088e00000, 0x0000000088f00000|  0%| F|  |TS  0|AC  0|TAMS 0x0000000088e00000, 0x0000000088e00000|
| 117|0x0000000088f00000, 0x0000000088f00000, 0x0000000089000000|  0%| F|  |TS  0|AC  0|TAMS 0x0000000088f00000, 0x0000000088f00000|
| 118|0x0000000089000000, 0x0000000089000000, 0x0000000089100000|  0%| F|  |TS  0|AC  0|TAMS 0x0000000089000000, 0x0000000089000000|
| 119|0x0000000089100000, 0x0000000089100000, 0x0000000089200000|  0%| F|  |TS  0|AC  0|TAMS 0x0000000089100000, 0x0000000089100000|
| 120|0x0000000089200000, 0x0000000089200000, 0x0000000089300000|  0%| F|  |TS  0|AC  0|TAMS 0x0000000089200000, 0x0000000089200000|
| 121|0x0000000089300000, 0x0000000089300000, 0x0000000089400000|  0%| F|  |TS  0|AC  0|TAMS 0x0000000089300000, 0x0000000089300000|
| 122|0x0000000089400000, 0x0000000089400000, 0x0000000089500000|  0%| F|  |TS  0|AC  0|TAMS 0x0000000089400000, 0x0000000089400000|
| 123|0x0000000089500000, 0x0000000089500000, 0x0000000089600000|  0%| F|  |TS  0|AC  0|TAMS 0x0000000089500000, 0x0000000089500000|
| 124|0x0000000089600000, 0x0000000089600000, 0x0000000089700000|  0%| F|  |TS  0|AC  0|TAMS 0x0000000089600000, 0x0000000089600000|
| 125|0x0000000089700000, 0x0000000089700000, 0x0000000089800000|  0%| F|  |TS  0|AC  0|TAMS 0x0000000089700000, 0x0000000089700000|
| 126|0x0000000089800000, 0x0000000089800000, 0x0000000089900000|  0%| F|  |TS  0|AC  0|TAMS 0x0000000089800000, 0x0000000089800000|
| 127|0x0000000089900000, 0x0000000089900000, 0x0000000089a00000|  0%| F|  |TS  0|AC  0|TAMS 0x0000000089900000, 0x0000000089900000|
| 128|0x0000000089a00000, 0x0000000089a00000, 0x0000000089b00000|  0%| F|  |TS  0|AC  0|TAMS 0x0000000089a00000, 0x0000000089a00000|
| 129|0x0000000089b00000, 0x0000000089b00000, 0x0000000089c00000|  0%| F|  |TS  0|AC  0|TAMS 0x0000000089b00000, 0x0000000089b00000|
| 130|0x0000000089c00000, 0x0000000089c00000, 0x0000000089d00000|  0%| F|  |TS  0|AC  0|TAMS 0x0000000089c00000, 0x0000000089c00000|
| 131|0x0000000089d00000, 0x0000000089d00000, 0x0000000089e00000|  0%| F|  |TS  0|AC  0|TAMS 0x0000000089d00000, 0x0000000089d00000|
| 132|0x0000000089e00000, 0x0000000089e00000, 0x0000000089f00000|  0%| F|  |TS  0|AC  0|TAMS 0x0000000089e00000, 0x0000000089e00000|
| 133|0x0000000089f00000, 0x0000000089f00000, 0x000000008a000000|  0%| F|  |TS  0|AC  0|TAMS 0x0000000089f00000, 0x0000000089f00000|
| 134|0x000000008a000000, 0x000000008a000000, 0x000000008a100000|  0%| F|  |TS  0|AC  0|TAMS 0x000000008a000000, 0x000000008a000000|
| 135|0x000000008a100000, 0x000000008a100000, 0x000000008a200000|  0%| F|  |TS  0|AC  0|TAMS 0x000000008a100000, 0x000000008a100000|
| 136|0x000000008a200000, 0x000000008a200000, 0x000000008a300000|  0%| F|  |TS  0|AC  0|TAMS 0x000000008a200000, 0x000000008a200000|
| 137|0x000000008a300000, 0x000000008a300000, 0x000000008a400000|  0%| F|  |TS  0|AC  0|TAMS 0x000000008a300000, 0x000000008a300000|
| 138|0x000000008a400000, 0x000000008a400000, 0x000000008a500000|  0%| F|  |TS  0|AC  0|TAMS 0x000000008a400000, 0x000000008a400000|
| 139|0x000000008a500000, 0x000000008a500000, 0x000000008a600000|  0%| F|  |TS  0|AC  0|TAMS 0x000000008a500000, 0x000000008a500000|
| 140|0x000000008a600000, 0x000000008a600000, 0x000000008a700000|  0%| F|  |TS  0|AC  0|TAMS 0x000000008a600000, 0x000000008a600000|
| 141|0x000000008a700000, 0x000000008a700000, 0x000000008a800000|  0%| F|  |TS  0|AC  0|TAMS 0x000000008a700000, 0x000000008a700000|
| 142|0x000000008a800000, 0x000000008a800000, 0x000000008a900000|  0%| F|  |TS  0|AC  0|TAMS 0x000000008a800000, 0x000000008a800000|
| 143|0x000000008a900000, 0x000000008a900000, 0x000000008aa00000|  0%| F|  |TS  0|AC  0|TAMS 0x000000008a900000, 0x000000008a900000|
| 144|0x000000008aa00000, 0x000000008aa00000, 0x000000008ab00000|  0%| F|  |TS  0|AC  0|TAMS 0x000000008aa00000, 0x000000008aa00000|
| 145|0x000000008ab00000, 0x000000008ab00000, 0x000000008ac00000|  0%| F|  |TS  0|AC  0|TAMS 0x000000008ab00000, 0x000000008ab00000|
| 146|0x000000008ac00000, 0x000000008ac00000, 0x000000008ad00000|  0%| F|  |TS  0|AC  0|TAMS 0x000000008ac00000, 0x000000008ac00000|
| 147|0x000000008ad00000, 0x000000008ad00000, 0x000000008ae00000|  0%| F|  |TS  0|AC  0|TAMS 0x000000008ad00000, 0x000000008ad00000|
| 148|0x000000008ae00000, 0x000000008ae00000, 0x000000008af00000|  0%| F|  |TS  0|AC  0|TAMS 0x000000008ae00000, 0x000000008ae00000|
| 149|0x000000008af00000, 0x000000008af00000, 0x000000008b000000|  0%| F|  |TS  0|AC  0|TAMS 0x000000008af00000, 0x000000008af00000|
| 150|0x000000008b000000, 0x000000008b000000, 0x000000008b100000|  0%| F|  |TS  0|AC  0|TAMS 0x000000008b000000, 0x000000008b000000|
| 151|0x000000008b100000, 0x000000008b100000, 0x000000008b200000|  0%| F|  |TS  0|AC  0|TAMS 0x000000008b100000, 0x000000008b100000|
| 152|0x000000008b200000, 0x000000008b200000, 0x000000008b300000|  0%| F|  |TS  0|AC  0|TAMS 0x000000008b200000, 0x000000008b200000|
| 153|0x000000008b300000, 0x000000008b300000, 0x000000008b400000|  0%| F|  |TS  0|AC  0|TAMS 0x000000008b300000, 0x000000008b300000|
| 154|0x000000008b400000, 0x000000008b400000, 0x000000008b500000|  0%| F|  |TS  0|AC  0|TAMS 0x000000008b400000, 0x000000008b400000|
| 155|0x000000008b500000, 0x000000008b500000, 0x000000008b600000|  0%| F|  |TS  0|AC  0|TAMS 0x000000008b500000, 0x000000008b500000|
| 156|0x000000008b600000, 0x000000008b600000, 0x000000008b700000|  0%| F|  |TS  0|AC  0|TAMS 0x000000008b600000, 0x000000008b600000|
| 157|0x000000008b700000, 0x000000008b73aad0, 0x000000008b800000| 22%| S|CS|TS  5|AC  0|TAMS 0x000000008b700000, 0x000000008b700000|
| 158|0x000000008b800000, 0x000000008b900000, 0x000000008b900000|100%| S|CS|TS  5|AC  0|TAMS 0x000000008b800000, 0x000000008b800000|
| 159|0x000000008b900000, 0x000000008ba00000, 0x000000008ba00000|100%| S|CS|TS  5|AC  0|TAMS 0x000000008b900000, 0x000000008b900000|
| 160|0x000000008ba00000, 0x000000008bb00000, 0x000000008bb00000|100%| S|CS|TS  5|AC  0|TAMS 0x000000008ba00000, 0x000000008ba00000|
| 161|0x000000008bb00000, 0x000000008bc00000, 0x000000008bc00000|100%| S|CS|TS  5|AC  0|TAMS 0x000000008bb00000, 0x000000008bb00000|
| 162|0x000000008bc00000, 0x000000008bd00000, 0x000000008bd00000|100%| S|CS|TS  5|AC  0|TAMS 0x000000008bc00000, 0x000000008bc00000|
| 163|0x000000008bd00000, 0x000000008bd00000, 0x000000008be00000|  0%| F|  |TS  5|AC  0|TAMS 0x000000008bd00000, 0x000000008bd00000|
| 164|0x000000008be00000, 0x000000008be00000, 0x000000008bf00000|  0%| F|  |TS  5|AC  0|TAMS 0x000000008be00000, 0x000000008be00000|
| 165|0x000000008bf00000, 0x000000008bf00000, 0x000000008c000000|  0%| F|  |TS  5|AC  0|TAMS 0x000000008bf00000, 0x000000008bf00000|
| 166|0x000000008c000000, 0x000000008c000000, 0x000000008c100000|  0%| F|  |TS  5|AC  0|TAMS 0x000000008c000000, 0x000000008c000000|
| 167|0x000000008c100000, 0x000000008c100000, 0x000000008c200000|  0%| F|  |TS  5|AC  0|TAMS 0x000000008c100000, 0x000000008c100000|
| 168|0x000000008c200000, 0x000000008c200000, 0x000000008c300000|  0%| F|  |TS  5|AC  0|TAMS 0x000000008c200000, 0x000000008c200000|
| 169|0x000000008c300000, 0x000000008c300000, 0x000000008c400000|  0%| F|  |TS  5|AC  0|TAMS 0x000000008c300000, 0x000000008c300000|
| 170|0x000000008c400000, 0x000000008c400000, 0x000000008c500000|  0%| F|  |TS  5|AC  0|TAMS 0x000000008c400000, 0x000000008c400000|
| 171|0x000000008c500000, 0x000000008c500000, 0x000000008c600000|  0%| F|  |TS  5|AC  0|TAMS 0x000000008c500000, 0x000000008c500000|
| 172|0x000000008c600000, 0x000000008c600000, 0x000000008c700000|  0%| F|  |TS  5|AC  0|TAMS 0x000000008c600000, 0x000000008c600000|
| 173|0x000000008c700000, 0x000000008c700000, 0x000000008c800000|  0%| F|  |TS  5|AC  0|TAMS 0x000000008c700000, 0x000000008c700000|
| 174|0x000000008c800000, 0x000000008c800000, 0x000000008c900000|  0%| F|  |TS  5|AC  0|TAMS 0x000000008c800000, 0x000000008c800000|
| 175|0x000000008c900000, 0x000000008c900000, 0x000000008ca00000|  0%| F|  |TS  5|AC  0|TAMS 0x000000008c900000, 0x000000008c900000|
| 176|0x000000008ca00000, 0x000000008ca00000, 0x000000008cb00000|  0%| F|  |TS  5|AC  0|TAMS 0x000000008ca00000, 0x000000008ca00000|
| 177|0x000000008cb00000, 0x000000008cb00000, 0x000000008cc00000|  0%| F|  |TS  5|AC  0|TAMS 0x000000008cb00000, 0x000000008cb00000|
| 178|0x000000008cc00000, 0x000000008cc00000, 0x000000008cd00000|  0%| F|  |TS  5|AC  0|TAMS 0x000000008cc00000, 0x000000008cc00000|
| 179|0x000000008cd00000, 0x000000008cd00000, 0x000000008ce00000|  0%| F|  |TS  5|AC  0|TAMS 0x000000008cd00000, 0x000000008cd00000|
| 180|0x000000008ce00000, 0x000000008ce00000, 0x000000008cf00000|  0%| F|  |TS  5|AC  0|TAMS 0x000000008ce00000, 0x000000008ce00000|
| 181|0x000000008cf00000, 0x000000008cf00000, 0x000000008d000000|  0%| F|  |TS  5|AC  0|TAMS 0x000000008cf00000, 0x000000008cf00000|
| 182|0x000000008d000000, 0x000000008d000000, 0x000000008d100000|  0%| F|  |TS  5|AC  0|TAMS 0x000000008d000000, 0x000000008d000000|
| 183|0x000000008d100000, 0x000000008d100000, 0x000000008d200000|  0%| F|  |TS  5|AC  0|TAMS 0x000000008d100000, 0x000000008d100000|
| 184|0x000000008d200000, 0x000000008d200000, 0x000000008d300000|  0%| F|  |TS  5|AC  0|TAMS 0x000000008d200000, 0x000000008d200000|
| 185|0x000000008d300000, 0x000000008d300000, 0x000000008d400000|  0%| F|  |TS  5|AC  0|TAMS 0x000000008d300000, 0x000000008d300000|
| 186|0x000000008d400000, 0x000000008d400000, 0x000000008d500000|  0%| F|  |TS  5|AC  0|TAMS 0x000000008d400000, 0x000000008d400000|
| 187|0x000000008d500000, 0x000000008d500000, 0x000000008d600000|  0%| F|  |TS  5|AC  0|TAMS 0x000000008d500000, 0x000000008d500000|
| 188|0x000000008d600000, 0x000000008d600000, 0x000000008d700000|  0%| F|  |TS  5|AC  0|TAMS 0x000000008d600000, 0x000000008d600000|
| 189|0x000000008d700000, 0x000000008d700000, 0x000000008d800000|  0%| F|  |TS  5|AC  0|TAMS 0x000000008d700000, 0x000000008d700000|
| 190|0x000000008d800000, 0x000000008d800000, 0x000000008d900000|  0%| F|  |TS  5|AC  0|TAMS 0x000000008d800000, 0x000000008d800000|
| 191|0x000000008d900000, 0x000000008d900000, 0x000000008da00000|  0%| F|  |TS  5|AC  0|TAMS 0x000000008d900000, 0x000000008d900000|
| 192|0x000000008da00000, 0x000000008da00000, 0x000000008db00000|  0%| F|  |TS  5|AC  0|TAMS 0x000000008da00000, 0x000000008da00000|
| 193|0x000000008db00000, 0x000000008db00000, 0x000000008dc00000|  0%| F|  |TS  5|AC  0|TAMS 0x000000008db00000, 0x000000008db00000|
| 194|0x000000008dc00000, 0x000000008dc00000, 0x000000008dd00000|  0%| F|  |TS  5|AC  0|TAMS 0x000000008dc00000, 0x000000008dc00000|
| 195|0x000000008dd00000, 0x000000008dd00000, 0x000000008de00000|  0%| F|  |TS  5|AC  0|TAMS 0x000000008dd00000, 0x000000008dd00000|
| 196|0x000000008de00000, 0x000000008de00000, 0x000000008df00000|  0%| F|  |TS  5|AC  0|TAMS 0x000000008de00000, 0x000000008de00000|
| 197|0x000000008df00000, 0x000000008df00000, 0x000000008e000000|  0%| F|  |TS  5|AC  0|TAMS 0x000000008df00000, 0x000000008df00000|
| 198|0x000000008e000000, 0x000000008e000000, 0x000000008e100000|  0%| F|  |TS  5|AC  0|TAMS 0x000000008e000000, 0x000000008e000000|
| 199|0x000000008e100000, 0x000000008e100000, 0x000000008e200000|  0%| F|  |TS  5|AC  0|TAMS 0x000000008e100000, 0x000000008e100000|
| 200|0x000000008e200000, 0x000000008e200000, 0x000000008e300000|  0%| F|  |TS  5|AC  0|TAMS 0x000000008e200000, 0x000000008e200000|
| 201|0x000000008e300000, 0x000000008e300000, 0x000000008e400000|  0%| F|  |TS  5|AC  0|TAMS 0x000000008e300000, 0x000000008e300000|
| 202|0x000000008e400000, 0x000000008e400000, 0x000000008e500000|  0%| F|  |TS  5|AC  0|TAMS 0x000000008e400000, 0x000000008e400000|
| 203|0x000000008e500000, 0x000000008e500000, 0x000000008e600000|  0%| F|  |TS  5|AC  0|TAMS 0x000000008e500000, 0x000000008e500000|
| 204|0x000000008e600000, 0x000000008e600000, 0x000000008e700000|  0%| F|  |TS  5|AC  0|TAMS 0x000000008e600000, 0x000000008e600000|
| 205|0x000000008e700000, 0x000000008e700000, 0x000000008e800000|  0%| F|  |TS  5|AC  0|TAMS 0x000000008e700000, 0x000000008e700000|
| 206|0x000000008e800000, 0x000000008e800000, 0x000000008e900000|  0%| F|  |TS  5|AC  0|TAMS 0x000000008e800000, 0x000000008e800000|
| 207|0x000000008e900000, 0x000000008e900000, 0x000000008ea00000|  0%| F|  |TS  5|AC  0|TAMS 0x000000008e900000, 0x000000008e900000|
| 208|0x000000008ea00000, 0x000000008ea00000, 0x000000008eb00000|  0%| F|  |TS  5|AC  0|TAMS 0x000000008ea00000, 0x000000008ea00000|
| 209|0x000000008eb00000, 0x000000008eb00000, 0x000000008ec00000|  0%| F|  |TS  5|AC  0|TAMS 0x000000008eb00000, 0x000000008eb00000|
| 210|0x000000008ec00000, 0x000000008ec00000, 0x000000008ed00000|  0%| F|  |TS  5|AC  0|TAMS 0x000000008ec00000, 0x000000008ec00000|
| 211|0x000000008ed00000, 0x000000008ed00000, 0x000000008ee00000|  0%| F|  |TS  5|AC  0|TAMS 0x000000008ed00000, 0x000000008ed00000|
| 212|0x000000008ee00000, 0x000000008ee00000, 0x000000008ef00000|  0%| F|  |TS  5|AC  0|TAMS 0x000000008ee00000, 0x000000008ee00000|
| 213|0x000000008ef00000, 0x000000008ef00000, 0x000000008f000000|  0%| F|  |TS  5|AC  0|TAMS 0x000000008ef00000, 0x000000008ef00000|
| 214|0x000000008f000000, 0x000000008f000000, 0x000000008f100000|  0%| F|  |TS  5|AC  0|TAMS 0x000000008f000000, 0x000000008f000000|
| 215|0x000000008f100000, 0x000000008f100000, 0x000000008f200000|  0%| F|  |TS  5|AC  0|TAMS 0x000000008f100000, 0x000000008f100000|
| 216|0x000000008f200000, 0x000000008f200000, 0x000000008f300000|  0%| F|  |TS  5|AC  0|TAMS 0x000000008f200000, 0x000000008f200000|
| 217|0x000000008f300000, 0x000000008f300000, 0x000000008f400000|  0%| F|  |TS  5|AC  0|TAMS 0x000000008f300000, 0x000000008f300000|
| 218|0x000000008f400000, 0x000000008f400000, 0x000000008f500000|  0%| F|  |TS  5|AC  0|TAMS 0x000000008f400000, 0x000000008f400000|
| 219|0x000000008f500000, 0x000000008f500000, 0x000000008f600000|  0%| F|  |TS  5|AC  0|TAMS 0x000000008f500000, 0x000000008f500000|
| 220|0x000000008f600000, 0x000000008f600000, 0x000000008f700000|  0%| F|  |TS  5|AC  0|TAMS 0x000000008f600000, 0x000000008f600000|
| 221|0x000000008f700000, 0x000000008f700000, 0x000000008f800000|  0%| F|  |TS  5|AC  0|TAMS 0x000000008f700000, 0x000000008f700000|

Card table byte_map: [0x000000001e4e0000,0x000000001e8e0000] byte_map_base: 0x000000001e0d3000

Marking Bits (Prev, Next): (CMBitMap*) 0x000000001d025248, (CMBitMap*) 0x000000001d025210
 Prev Bits: [0x0000000020c80000, 0x0000000022c18000)
 Next Bits: [0x000000001ece0000, 0x0000000020c78000)

Polling page: 0x00000000000f0000

CodeHeap 'non-profiled nmethods': size=120000Kb used=6867Kb max_used=6867Kb free=113132Kb
 bounds [0x0000000014640000, 0x0000000014d00000, 0x000000001bb70000]
CodeHeap 'profiled nmethods': size=120000Kb used=22782Kb max_used=22782Kb free=97218Kb
 bounds [0x000000000d110000, 0x000000000e750000, 0x0000000014640000]
CodeHeap 'non-nmethods': size=5760Kb used=1279Kb max_used=1353Kb free=4481Kb
 bounds [0x000000000cb70000, 0x000000000cde0000, 0x000000000d110000]
 total_blobs=11546 nmethods=8469 adapters=391
 compilation: enabled

Compilation events (10 events):
Event: 13.015 Thread 0x0000000066240000 nmethod 8543 0x000000000e74d110 code [0x000000000e74d320, 0x000000000e74da28]
Event: 13.015 Thread 0x0000000066240000 8544       3       java.util.jar.JarFile$JarEntryIterator::nextElement (5 bytes)
Event: 13.015 Thread 0x0000000066240000 nmethod 8544 0x000000000e74dc90 code [0x000000000e74dea0, 0x000000000e74e528]
Event: 13.016 Thread 0x0000000066240000 8545       3       java.util.zip.ZipEntry::isDirectory (10 bytes)
Event: 13.016 Thread 0x0000000066240000 nmethod 8545 0x000000000e74e710 code [0x000000000e74e900, 0x000000000e74efc8]
Event: 13.017 Thread 0x0000000066240000 8546       3       java.util.Calendar::setTimeInMillis (84 bytes)
Event: 13.017 Thread 0x0000000066240000 nmethod 8546 0x000000000e74f190 code [0x000000000e74f360, 0x000000000e74f908]
Event: 13.017 Thread 0x0000000066228000 8547       4       java.time.ZoneRegion::getRules (23 bytes)
Event: 13.018 Thread 0x0000000066228000 nmethod 8547 0x0000000014cf4a10 code [0x0000000014cf4ba0, 0x0000000014cf4c18]
Event: 13.018 Thread 0x0000000066240000 8548       3       org.apache.commons.compress.archivers.zip.ZipArchiveEntry::setMethod (37 bytes)

GC Heap History (10 events):
Event: 10.819 GC heap after
{Heap after GC invocations=16 (full 0):
 garbage-first heap   total 189440K, used 112112K [0x0000000081a00000, 0x0000000081b005c8, 0x0000000100000000)
  region size 1024K, 6 young (6144K), 6 survivors (6144K)
 Metaspace       used 34099K, capacity 35326K, committed 35456K, reserved 1081344K
  class space    used 3582K, capacity 3846K, committed 3968K, reserved 1048576K
}
Event: 10.829 GC heap before
{Heap before GC invocations=16 (full 0):
 garbage-first heap   total 189440K, used 115184K [0x0000000081a00000, 0x0000000081b005c8, 0x0000000100000000)
  region size 1024K, 9 young (9216K), 6 survivors (6144K)
 Metaspace       used 34099K, capacity 35326K, committed 35456K, reserved 1081344K
  class space    used 3582K, capacity 3846K, committed 3968K, reserved 1048576K
}
Event: 10.847 GC heap after
{Heap after GC invocations=17 (full 0):
 garbage-first heap   total 227328K, used 103656K [0x0000000081a00000, 0x0000000081b006f0, 0x0000000100000000)
  region size 1024K, 2 young (2048K), 2 survivors (2048K)
 Metaspace       used 34099K, capacity 35326K, committed 35456K, reserved 1081344K
  class space    used 3582K, capacity 3846K, committed 3968K, reserved 1048576K
}
Event: 11.079 GC heap before
{Heap before GC invocations=17 (full 0):
 garbage-first heap   total 227328K, used 155880K [0x0000000081a00000, 0x0000000081b006f0, 0x0000000100000000)
  region size 1024K, 53 young (54272K), 2 survivors (2048K)
 Metaspace       used 34146K, capacity 35394K, committed 35712K, reserved 1081344K
  class space    used 3582K, capacity 3846K, committed 3968K, reserved 1048576K
}
Event: 11.089 GC heap after
{Heap after GC invocations=18 (full 0):
 garbage-first heap   total 227328K, used 116908K [0x0000000081a00000, 0x0000000081b006f0, 0x0000000100000000)
  region size 1024K, 7 young (7168K), 7 survivors (7168K)
 Metaspace       used 34146K, capacity 35394K, committed 35712K, reserved 1081344K
  class space    used 3582K, capacity 3846K, committed 3968K, reserved 1048576K
}
Event: 11.880 GC heap before
{Heap before GC invocations=19 (full 0):
 garbage-first heap   total 227328K, used 149676K [0x0000000081a00000, 0x0000000081b006f0, 0x0000000100000000)
  region size 1024K, 53 young (54272K), 7 survivors (7168K)
 Metaspace       used 35144K, capacity 36486K, committed 36736K, reserved 1081344K
  class space    used 3664K, capacity 3948K, committed 3968K, reserved 1048576K
}
Event: 11.898 GC heap after
{Heap after GC invocations=20 (full 0):
 garbage-first heap   total 227328K, used 106625K [0x0000000081a00000, 0x0000000081b006f0, 0x0000000100000000)
  region size 1024K, 4 young (4096K), 4 survivors (4096K)
 Metaspace       used 35144K, capacity 36486K, committed 36736K, reserved 1081344K
  class space    used 3664K, capacity 3948K, committed 3968K, reserved 1048576K
}
Event: 12.066 GC heap before
{Heap before GC invocations=20 (full 0):
 garbage-first heap   total 227328K, used 113793K [0x0000000081a00000, 0x0000000081b006f0, 0x0000000100000000)
  region size 1024K, 11 young (11264K), 4 survivors (4096K)
 Metaspace       used 35146K, capacity 36486K, committed 36736K, reserved 1081344K
  class space    used 3664K, capacity 3948K, committed 3968K, reserved 1048576K
}
Event: 12.084 GC heap after
{Heap after GC invocations=21 (full 0):
 garbage-first heap   total 227328K, used 89065K [0x0000000081a00000, 0x0000000081b006f0, 0x0000000100000000)
  region size 1024K, 1 young (1024K), 1 survivors (1024K)
 Metaspace       used 35146K, capacity 36486K, committed 36736K, reserved 1081344K
  class space    used 3664K, capacity 3948K, committed 3968K, reserved 1048576K
}
Event: 13.018 GC heap before
{Heap before GC invocations=21 (full 0):
 garbage-first heap   total 227328K, used 148457K [0x0000000081a00000, 0x0000000081b006f0, 0x0000000100000000)
  region size 1024K, 59 young (60416K), 1 survivors (1024K)
 Metaspace       used 36805K, capacity 38220K, committed 38400K, reserved 1083392K
  class space    used 3894K, capacity 4225K, committed 4352K, reserved 1048576K
}

Deoptimization events (10 events):
Event: 12.804 Thread 0x000000000032d800 Uncommon trap: reason=class_check action=maybe_recompile pc=0x00000000148736fc method=java.util.Collections$3.hasMoreElements()Z @ 4 c2
Event: 12.804 Thread 0x000000000032d800 Uncommon trap: reason=class_check action=maybe_recompile pc=0x00000000148736fc method=java.util.Collections$3.hasMoreElements()Z @ 4 c2
Event: 12.804 Thread 0x000000000032d800 Uncommon trap: reason=class_check action=maybe_recompile pc=0x00000000148736fc method=java.util.Collections$3.hasMoreElements()Z @ 4 c2
Event: 12.804 Thread 0x000000000032d800 Uncommon trap: reason=class_check action=maybe_recompile pc=0x00000000148736fc method=java.util.Collections$3.hasMoreElements()Z @ 4 c2
Event: 12.834 Thread 0x000000000032d800 Uncommon trap: reason=unstable_if action=reinterpret pc=0x0000000014785624 method=java.io.BufferedInputStream.read()I @ 23 c2
Event: 12.867 Thread 0x000000000032d800 Uncommon trap: reason=unstable_if action=reinterpret pc=0x00000000149af3e8 method=java.util.Arrays.equals([B[B)Z @ 34 c2
Event: 12.868 Thread 0x000000000032d800 Uncommon trap: reason=unstable_if action=reinterpret pc=0x00000000149bdf18 method=java.util.concurrent.TimeUnit.toMillis(J)J @ 10 c2
Event: 12.868 Thread 0x000000000032d800 Uncommon trap: reason=unstable_if action=reinterpret pc=0x0000000014b7905c method=java.util.concurrent.TimeUnit.toMillis(J)J @ 10 c2
Event: 12.868 Thread 0x000000000032d800 Uncommon trap: reason=unstable_if action=reinterpret pc=0x00000000149bd758 method=java.util.concurrent.TimeUnit.toMillis(J)J @ 10 c2
Event: 13.006 Thread 0x000000000032d800 Uncommon trap: reason=unstable_if action=reinterpret pc=0x000000001497c848 method=java.util.zip.ZipFile$Source.initCEN(I)V @ 530 c2

Classes redefined (0 events):
No events

Internal exceptions (10 events):
Event: 11.523 Thread 0x000000000032d800 Exception <a 'sun/nio/fs/WindowsException'{0x000000008da26340}> (0x000000008da26340) thrown at [t:/workspace/hotspot/src/share/vm/prims/jni.cpp, line 604]
Event: 11.523 Thread 0x000000000032d800 Exception <a 'sun/nio/fs/WindowsException'{0x000000008da26610}> (0x000000008da26610) thrown at [t:/workspace/hotspot/src/share/vm/prims/jni.cpp, line 604]
Event: 11.523 Thread 0x000000000032d800 Exception <a 'sun/nio/fs/WindowsException'{0x000000008da2b288}> (0x000000008da2b288) thrown at [t:/workspace/hotspot/src/share/vm/prims/jni.cpp, line 604]
Event: 11.523 Thread 0x000000000032d800 Exception <a 'sun/nio/fs/WindowsException'{0x000000008da2b610}> (0x000000008da2b610) thrown at [t:/workspace/hotspot/src/share/vm/prims/jni.cpp, line 604]
Event: 11.524 Thread 0x000000000032d800 Exception <a 'sun/nio/fs/WindowsException'{0x000000008da46d60}> (0x000000008da46d60) thrown at [t:/workspace/hotspot/src/share/vm/prims/jni.cpp, line 604]
Event: 11.532 Thread 0x000000000032d800 Exception <a 'sun/nio/fs/WindowsException'{0x000000008da61db8}> (0x000000008da61db8) thrown at [t:/workspace/hotspot/src/share/vm/prims/jni.cpp, line 604]
Event: 11.540 Thread 0x000000000032d800 Exception <a 'sun/nio/fs/WindowsException'{0x000000008dad80b0}> (0x000000008dad80b0) thrown at [t:/workspace/hotspot/src/share/vm/prims/jni.cpp, line 604]
Event: 11.547 Thread 0x000000000032d800 Exception <a 'sun/nio/fs/WindowsException'{0x000000008d94d818}> (0x000000008d94d818) thrown at [t:/workspace/hotspot/src/share/vm/prims/jni.cpp, line 604]
Event: 12.778 Thread 0x000000000032d800 Exception <a 'java/lang/NoClassDefFoundError'{0x000000008d0b13d8}: org/sonatype/aether/version/VersionConstraint> (0x000000008d0b13d8) thrown at [t:/workspace/hotspot/src/share/vm/classfile/systemDictionary.cpp, line 207]
Event: 13.006 Thread 0x000000000032d800 Implicit null exception at 0x000000001497ba0b to 0x000000001497c823

Events (10 events):
Event: 12.877 loading class org/springframework/boot/loader/tools/JarWriter$LibraryUnpackHandler
Event: 12.877 loading class org/springframework/boot/loader/tools/JarWriter$LibraryUnpackHandler done
Event: 12.877 loading class org/springframework/boot/loader/tools/JarWriter$LibraryUnpackHandler
Event: 12.877 loading class org/springframework/boot/loader/tools/JarWriter$LibraryUnpackHandler done
Event: 13.006 Thread 0x000000000032d800 Uncommon trap: trap_request=0xffffff5d fr.pc=0x000000001497c848 relative=0x0000000000001e28
Event: 13.006 Thread 0x000000000032d800 DEOPT PACKING pc=0x000000001497c848 sp=0x000000000251d4b0
Event: 13.006 Thread 0x000000000032d800 DEOPT UNPACKING pc=0x000000000cbbdf21 sp=0x000000000251d490 mode 2
Event: 13.012 Thread 0x000000000032d800 DEOPT PACKING pc=0x000000000e747835 sp=0x000000000251d3b0
Event: 13.012 Thread 0x000000000032d800 DEOPT UNPACKING pc=0x000000000cbbdd37 sp=0x000000000251c988 mode 0
Event: 13.018 Executing VM operation: G1IncCollectionPause


Dynamic libraries:
0x000000013fe40000 - 0x000000013fe7e000 	D:\java\bin\java.exe
0x0000000076d90000 - 0x0000000076f2f000 	C:\Windows\SYSTEM32\ntdll.dll
0x0000000076b70000 - 0x0000000076c8f000 	C:\Windows\system32\kernel32.dll
0x000007fefcbf0000 - 0x000007fefcc5a000 	C:\Windows\system32\KERNELBASE.dll
0x000007fefda50000 - 0x000007fefdb2b000 	C:\Windows\system32\ADVAPI32.dll
0x000007fefe000000 - 0x000007fefe09f000 	C:\Windows\system32\msvcrt.dll
0x000007fefdb30000 - 0x000007fefdb4f000 	C:\Windows\SYSTEM32\sechost.dll
0x000007fefd640000 - 0x000007fefd76d000 	C:\Windows\system32\RPCRT4.dll
0x0000000076c90000 - 0x0000000076d8a000 	C:\Windows\system32\USER32.dll
0x000007fefd5d0000 - 0x000007fefd637000 	C:\Windows\system32\GDI32.dll
0x000007feff070000 - 0x000007feff07e000 	C:\Windows\system32\LPK.dll
0x000007fefd0f0000 - 0x000007fefd1bb000 	C:\Windows\system32\USP10.dll
0x000007fefb480000 - 0x000007fefb674000 	C:\Windows\WinSxS\amd64_microsoft.windows.common-controls_6595b64144ccf1df_6.0.7601.23403_none_e36ad4593102f066\COMCTL32.dll
0x000007fefddd0000 - 0x000007fefde41000 	C:\Windows\system32\SHLWAPI.dll
0x000007fefbb40000 - 0x000007fefbb4c000 	C:\Windows\system32\VERSION.dll
0x000007fefd5a0000 - 0x000007fefd5ce000 	C:\Windows\system32\IMM32.DLL
0x000007fefde50000 - 0x000007fefdf59000 	C:\Windows\system32\MSCTF.dll
0x000007fedb810000 - 0x000007fedb8ff000 	D:\java\bin\msvcr120.dll
0x000007fee9b60000 - 0x000007fee9c06000 	D:\java\bin\msvcp120.dll
0x00000000775d0000 - 0x0000000077ff5000 	D:\java\bin\server\jvm.dll
0x000007fefb110000 - 0x000007fefb119000 	C:\Windows\system32\WSOCK32.dll
0x000007fefdce0000 - 0x000007fefdd2d000 	C:\Windows\system32\WS2_32.dll
0x000007fefd260000 - 0x000007fefd268000 	C:\Windows\system32\NSI.dll
0x000007fefa9f0000 - 0x000007fefaa2b000 	C:\Windows\system32\WINMM.dll
0x0000000076f40000 - 0x0000000076f47000 	C:\Windows\system32\PSAPI.DLL
0x000007fefa190000 - 0x000007fefa19f000 	D:\java\bin\verify.dll
0x000007fef9d80000 - 0x000007fef9da7000 	D:\java\bin\java.dll
0x000007fef82c0000 - 0x000007fef82ea000 	D:\java\bin\instrument.dll
0x000007fef9dc0000 - 0x000007fef9dd6000 	D:\java\bin\zip.dll
0x000007fefa1b0000 - 0x000007fefa1ba000 	D:\java\bin\jimage.dll
0x000007fefe100000 - 0x000007fefee8a000 	C:\Windows\system32\SHELL32.dll
0x000007fefd850000 - 0x000007fefda4c000 	C:\Windows\system32\ole32.dll
0x000007fefca60000 - 0x000007fefca6f000 	C:\Windows\system32\profapi.dll
0x000007fef9ce0000 - 0x000007fef9cfa000 	D:\java\bin\net.dll
0x000007fef94c0000 - 0x000007fef9531000 	C:\Windows\system32\WINHTTP.dll
0x000007fef9300000 - 0x000007fef9365000 	C:\Windows\system32\webio.dll
0x000007fefc1f0000 - 0x000007fefc245000 	C:\Windows\system32\mswsock.dll
0x000007fefc1e0000 - 0x000007fefc1e7000 	C:\Windows\System32\wship6.dll
0x000007fef76c0000 - 0x000007fef76d1000 	D:\java\bin\nio.dll
0x000007fef7d20000 - 0x000007fef7d3a000 	D:\develop_install\idea\IntelliJ IDEA 2017.2.5\bin\breakgen64.dll
0x000007fefc250000 - 0x000007fefc268000 	C:\Windows\system32\CRYPTSP.dll
0x000007fefbf50000 - 0x000007fefbf97000 	C:\Windows\system32\rsaenh.dll
0x000007fefcdf0000 - 0x000007fefce0f000 	C:\Windows\system32\USERENV.dll
0x000007fefc8c0000 - 0x000007fefc8cf000 	C:\Windows\system32\CRYPTBASE.dll
0x000007fefa580000 - 0x000007fefa5a7000 	C:\Windows\system32\IPHLPAPI.DLL
0x000007fefa560000 - 0x000007fefa56b000 	C:\Windows\system32\WINNSI.DLL
0x000007fefa100000 - 0x000007fefa111000 	C:\Windows\system32\dhcpcsvc6.DLL
0x000007fefa220000 - 0x000007fefa238000 	C:\Windows\system32\dhcpcsvc.DLL
0x000007fefa180000 - 0x000007fefa18a000 	C:\Users\pc\AppData\Local\Temp\jansi-1.17-13867207982520236100.dll
0x000007fef9c30000 - 0x000007fef9c3a000 	C:\Users\pc\AppData\Local\Temp\jansi-1.17-7659717729779933818.dll
0x000007fef8c90000 - 0x000007fef8db5000 	C:\Windows\system32\dbghelp.dll

VM Arguments:
jvm_args: -Dmaven.multiModuleProjectDirectory=D:\company_project\bjt\bjt-carpark -Dmaven.home=D:\develop_tool\apache-maven-3.5.3 -Dclassworlds.conf=D:\develop_tool\apache-maven-3.5.3\bin\m2.conf -javaagent:D:\develop_install\idea\IntelliJ IDEA 2017.2.5\lib\idea_rt.jar=49570:D:\develop_install\idea\IntelliJ IDEA 2017.2.5\bin -Dfile.encoding=UTF-8 
java_command: org.codehaus.classworlds.Launcher -Didea.version=2017.2.6 -s D:\develop_tool\apache-maven-3.5.3\conf\settings.xml -Dmaven.repo.local=D:\develop_tool\apache-maven-3.5.3\repo package
java_class_path (initial): D:\develop_tool\apache-maven-3.5.3\boot\plexus-classworlds-2.5.2.jar
Launcher Type: SUN_STANDARD

Logging:
Log output configuration:
#0: stdout all=warning uptime,level,tags
#1: stderr all=off uptime,level,tags

Environment Variables:
JAVA_HOME=D:\java
PATH=C:\ProgramData\Oracle\Java\javapath;C:\Windows\system32;C:\Windows;C:\Windows\System32\Wbem;C:\Windows\System32\WindowsPowerShell\v1.0\;D:\develop_install\nodejs\;C:\Windows\system32;D:\develop_tool\apache-maven-3.5.3\bin;C:\Users\pc\AppData\Roaming\npm;D:\java\bin;D:\java\jre\bin;C:\Users\pc\AppData\Local\atom\bin
USERNAME=pc
OS=Windows_NT
PROCESSOR_IDENTIFIER=Intel64 Family 6 Model 158 Stepping 9, GenuineIntel



---------------  S Y S T E M  ---------------

OS: Windows 7 , 64 bit Build 7601 (6.1.7601.24094)

CPU:total 8 (initial active 8) (4 cores per cpu, 2 threads per core) family 6 model 158 stepping 9, cmov, cx8, fxsr, mmx, sse, sse2, sse3, ssse3, sse4.1, sse4.2, popcnt, avx, avx2, aes, clmul, erms, rtm, 3dnowpref, lzcnt, ht, tsc, tscinvbit, bmi1, bmi2, adx, fma

Memory: 4k page, physical 8277952k(270524k free), swap 16664684k(43816k free)

vm_info: Java HotSpot(TM) 64-Bit Server VM (9.0.4+11) for windows-amd64 JRE (9.0.4+11), built on Dec 20 2017 02:18:54 by "mach5one" with MS VC++ 12.0 (VS2013)

END.
